<?xml version="1.0" encoding="UTF-8"?>
<testsuites name="Third" time="18.113" tests="1" failures="0" errors="0">
   <testsuite name="Third" tests="1" failures="0" errors="0" time="18.113" skipped="0" timestamp="2023-07-19 13:56:29" hostname="Logan - host.docker.internal" id="Test Suites/Third">
      <properties>
         <property name="deviceName" value=""/>
         <property name="devicePlatform" value=""/>
         <property name="logFolder" value="C:\\Users\\Logan\\git\\KatalonProject\\Reports\\20230719_135626\\Third\\20230719_135627"/>
         <property name="logFiles" value="C:\\Users\\Logan\\git\\KatalonProject\\Reports\\20230719_135626\\Third\\20230719_135627\\execution0.log"/>
         <property name="attachments" value=""/>
         <property name="hostName" value="Logan - host.docker.internal"/>
         <property name="os" value="Windows 11 64bit"/>
         <property name="katalonVersion" value="8.6.5.208"/>
         <property name="browser" value="Chrome 114.0.0.0"/>
         <property name="hostAddress" value="192.168.0.6"/>
         <property name="sessionId" value="5e0ee16d28cff647c529e2c5d3837983"/>
         <property name="seleniumVersion" value="3.141.59"/>
         <property name="proxyInformation" value="ProxyInformation { proxyOption=NO_PROXY, proxyServerType=HTTP, username=, password=********, proxyServerAddress=, proxyServerPort=0, executionList=&quot;&quot;, isApplyToDesiredCapabilities=true }"/>
         <property name="platform" value="Windows 11"/>
      </properties>
      <testcase name="Test Cases/Login" time="17.909" classname="Test Cases/Login" status="PASSED">
         <system-out><![CDATA[2023-07-19 13:56:29 - [TEST_CASE][PASSED] - Test Cases/Login: Test Cases/Login

2023-07-19 13:56:30 - [TEST_STEP][PASSED] - openBrowser(""): Browser is opened with url: ''

2023-07-19 13:56:30 - [MESSAGE][INFO] - Starting 'Chrome' driver

2023-07-19 13:56:30 - [MESSAGE][INFO] - User set preference: ['args', '["--headless"]']

2023-07-19 13:56:30 - [MESSAGE][INFO] - Action delay is set to 0 milliseconds

2023-07-19 13:56:32 - [MESSAGE][PASSED] - Browser is opened with url: ''

2023-07-19 13:56:32 - [TEST_STEP][PASSED] - navigateToUrl("https://v3-test-11.screenpal.com/"): Navigate to 'https://v3-test-11.screenpal.com/' successfully

2023-07-19 13:56:34 - [MESSAGE][PASSED] - Navigate to 'https://v3-test-11.screenpal.com/' successfully

2023-07-19 13:56:34 - [TEST_STEP][PASSED] - click(findTestObject("Object Repository/Page_ScreenPal (Formerly Screencast-O-Matic_a228d3/a_Log In")): Object: 'Object Repository/Page_ScreenPal (Formerly Screencast-O-Matic_a228d3/a_Log In' is clicked on

2023-07-19 13:56:35 - [MESSAGE][PASSED] - Object: 'Object Repository/Page_ScreenPal (Formerly Screencast-O-Matic_a228d3/a_Log In' is clicked on

2023-07-19 13:56:35 - [TEST_STEP][PASSED] - verifyElementClickable(findTestObject("Object Repository/Page_ScreenPal - Welcome Back - selenium-br_82accc/input_Email_email")): Object 'Object Repository/Page_ScreenPal - Welcome Back - selenium-br_82accc/input_Email_email' is clickable

2023-07-19 13:56:36 - [MESSAGE][PASSED] - Object 'Object Repository/Page_ScreenPal - Welcome Back - selenium-br_82accc/input_Email_email' is clickable

2023-07-19 13:56:36 - [TEST_STEP][PASSED] - setText(findTestObject("Object Repository/Page_ScreenPal - Welcome Back - selenium-br_82accc/input_Email_email"), "testing@screencast-o-matic.com"): Text 'testing@screencast-o-matic.com' is set on object 'Object Repository/Page_ScreenPal - Welcome Back - selenium-br_82accc/input_Email_email'

2023-07-19 13:56:36 - [MESSAGE][PASSED] - Text 'testing@screencast-o-matic.com' is set on object 'Object Repository/Page_ScreenPal - Welcome Back - selenium-br_82accc/input_Email_email'

2023-07-19 13:56:36 - [TEST_STEP][PASSED] - click(findTestObject("Object Repository/Page_ScreenPal - Welcome Back - selenium-br_82accc/button_Continue")): Object: 'Object Repository/Page_ScreenPal - Welcome Back - selenium-br_82accc/button_Continue' is clicked on

2023-07-19 13:56:38 - [MESSAGE][PASSED] - Object: 'Object Repository/Page_ScreenPal - Welcome Back - selenium-br_82accc/button_Continue' is clicked on

2023-07-19 13:56:38 - [TEST_STEP][PASSED] - setEncryptedText(findTestObject("Object Repository/Page_ScreenPal - Enter your password - sele_b05b5c/input_Password_password"), "9NLz+4tGZcQ="): Text ****** has been set on object 'Object Repository/Page_ScreenPal - Enter your password - sele_b05b5c/input_Password_password'

2023-07-19 13:56:38 - [MESSAGE][PASSED] - Text ****** has been set on object 'Object Repository/Page_ScreenPal - Enter your password - sele_b05b5c/input_Password_password'

2023-07-19 13:56:38 - [TEST_STEP][PASSED] - verifyElementClickable(findTestObject("Object Repository/Page_ScreenPal - Enter your password - sele_b05b5c/input_Password_password")): Object 'Object Repository/Page_ScreenPal - Enter your password - sele_b05b5c/input_Password_password' is clickable

2023-07-19 13:56:38 - [MESSAGE][PASSED] - Object 'Object Repository/Page_ScreenPal - Enter your password - sele_b05b5c/input_Password_password' is clickable

2023-07-19 13:56:38 - [TEST_STEP][PASSED] - setEncryptedText(findTestObject("Object Repository/Page_ScreenPal - Enter your password - sele_b05b5c/input_Password_password"), "P9ET2sDE0SE="): Text ****** has been set on object 'Object Repository/Page_ScreenPal - Enter your password - sele_b05b5c/input_Password_password'

2023-07-19 13:56:39 - [MESSAGE][PASSED] - Text ****** has been set on object 'Object Repository/Page_ScreenPal - Enter your password - sele_b05b5c/input_Password_password'

2023-07-19 13:56:39 - [TEST_STEP][PASSED] - click(findTestObject("Object Repository/Page_ScreenPal - Enter your password - sele_b05b5c/span_Log In")): Object: 'Object Repository/Page_ScreenPal - Enter your password - sele_b05b5c/span_Log In' is clicked on

2023-07-19 13:56:44 - [MESSAGE][PASSED] - Object: 'Object Repository/Page_ScreenPal - Enter your password - sele_b05b5c/span_Log In' is clicked on

2023-07-19 13:56:44 - [TEST_STEP][PASSED] - verifyElementClickable(findTestObject("Object Repository/Page_ScreenPal - Videos - selenium-broken-d_707348/img_Tina Taylor_profile-image-md")): Object 'Object Repository/Page_ScreenPal - Videos - selenium-broken-d_707348/img_Tina Taylor_profile-image-md' is clickable

2023-07-19 13:56:45 - [MESSAGE][PASSED] - Object 'Object Repository/Page_ScreenPal - Videos - selenium-broken-d_707348/img_Tina Taylor_profile-image-md' is clickable

2023-07-19 13:56:45 - [TEST_STEP][PASSED] - click(findTestObject("Object Repository/Page_ScreenPal - Videos - selenium-broken-d_707348/img_Tina Taylor_profile-image-md")): Object: 'Object Repository/Page_ScreenPal - Videos - selenium-broken-d_707348/img_Tina Taylor_profile-image-md' is clicked on

2023-07-19 13:56:45 - [MESSAGE][PASSED] - Object: 'Object Repository/Page_ScreenPal - Videos - selenium-broken-d_707348/img_Tina Taylor_profile-image-md' is clicked on

2023-07-19 13:56:45 - [TEST_STEP][PASSED] - click(findTestObject("Object Repository/Page_ScreenPal - Videos - selenium-broken-d_707348/a_Sign Out")): Object: 'Object Repository/Page_ScreenPal - Videos - selenium-broken-d_707348/a_Sign Out' is clicked on

2023-07-19 13:56:46 - [MESSAGE][PASSED] - Object: 'Object Repository/Page_ScreenPal - Videos - selenium-broken-d_707348/a_Sign Out' is clicked on

2023-07-19 13:56:46 - [TEST_STEP][PASSED] - closeBrowser(): Browser is closed

2023-07-19 13:56:47 - [MESSAGE][PASSED] - Browser is closed]]></system-out>
         <system-err><![CDATA[]]></system-err>
      </testcase>
      <system-out><![CDATA[2023-07-19 13:56:29 - [TEST_SUITE][PASSED] - Third: Test Cases/Login]]></system-out>
      <system-err><![CDATA[]]></system-err>
   </testsuite>
</testsuites>
